2018-03-27 15:23:38,618 INFO  [Log] **************************************************************************************** 
2018-03-27 15:23:38,619 INFO  [Log] **************************************************************************************** 
2018-03-27 15:23:38,619 INFO  [Log] $$$$$$$$$$$$$$$$$$$$$                 Error Messaging Contact Form Test Case       $$$$$$$$$$$$$$$$$$$$$$$$$ 
2018-03-27 15:23:38,619 INFO  [Log] **************************************************************************************** 
2018-03-27 15:23:38,619 INFO  [Log] **************************************************************************************** 
2018-03-27 15:23:45,308 INFO  [Log] Contact Us Has Been Added 
2018-03-27 15:23:45,630 INFO  [Log] XXXXXXXXXXXXXXXXXXXXXXX             -E---N---D-             XXXXXXXXXXXXXXXXXXXXXX 
2018-03-27 15:23:45,630 INFO  [Log] X 
2018-03-27 15:23:45,630 INFO  [Log] X 
2018-03-27 15:23:45,630 INFO  [Log] X 
2018-03-27 15:23:45,630 INFO  [Log] X 
2018-03-27 15:48:58,840 INFO  [Log] **************************************************************************************** 
2018-03-27 15:48:58,840 INFO  [Log] **************************************************************************************** 
2018-03-27 15:48:58,840 INFO  [Log] $$$$$$$$$$$$$$$$$$$$$                 Error Messaging Contact Form Test Case       $$$$$$$$$$$$$$$$$$$$$$$$$ 
2018-03-27 15:48:58,840 INFO  [Log] **************************************************************************************** 
2018-03-27 15:48:58,840 INFO  [Log] **************************************************************************************** 
2018-03-27 15:49:37,494 INFO  [Log] **************************************************************************************** 
2018-03-27 15:49:37,495 INFO  [Log] **************************************************************************************** 
2018-03-27 15:49:37,495 INFO  [Log] $$$$$$$$$$$$$$$$$$$$$                 Error Messaging Contact Form Test Case       $$$$$$$$$$$$$$$$$$$$$$$$$ 
2018-03-27 15:49:37,495 INFO  [Log] **************************************************************************************** 
2018-03-27 15:49:37,495 INFO  [Log] **************************************************************************************** 
2018-03-27 15:49:41,069 INFO  [Log] Contact Us Has Been Added 
2018-03-27 15:49:41,418 INFO  [Log] XXXXXXXXXXXXXXXXXXXXXXX             -E---N---D-             XXXXXXXXXXXXXXXXXXXXXX 
2018-03-27 15:49:41,418 INFO  [Log] X 
2018-03-27 15:49:41,418 INFO  [Log] X 
2018-03-27 15:49:41,418 INFO  [Log] X 
2018-03-27 15:49:41,418 INFO  [Log] X 
2018-03-27 16:14:20,641 INFO  [Log] **************************************************************************************** 
2018-03-27 16:14:20,641 INFO  [Log] **************************************************************************************** 
2018-03-27 16:14:20,641 INFO  [Log] $$$$$$$$$$$$$$$$$$$$$                 Error Messaging Contact Form Test Case       $$$$$$$$$$$$$$$$$$$$$$$$$ 
2018-03-27 16:14:20,641 INFO  [Log] **************************************************************************************** 
2018-03-27 16:14:20,641 INFO  [Log] **************************************************************************************** 
2018-03-27 16:15:49,677 INFO  [Log] **************************************************************************************** 
2018-03-27 16:15:49,678 INFO  [Log] **************************************************************************************** 
2018-03-27 16:15:49,678 INFO  [Log] $$$$$$$$$$$$$$$$$$$$$                 Error Messaging Contact Form Test Case       $$$$$$$$$$$$$$$$$$$$$$$$$ 
2018-03-27 16:15:49,678 INFO  [Log] **************************************************************************************** 
2018-03-27 16:15:49,678 INFO  [Log] **************************************************************************************** 
2018-03-27 16:16:54,238 INFO  [Log] **************************************************************************************** 
2018-03-27 16:16:54,238 INFO  [Log] **************************************************************************************** 
2018-03-27 16:16:54,238 INFO  [Log] $$$$$$$$$$$$$$$$$$$$$                 Error Messaging Contact Form Test Case       $$$$$$$$$$$$$$$$$$$$$$$$$ 
2018-03-27 16:16:54,238 INFO  [Log] **************************************************************************************** 
2018-03-27 16:16:54,238 INFO  [Log] **************************************************************************************** 
2018-03-27 16:19:58,433 INFO  [Log] **************************************************************************************** 
2018-03-27 16:19:58,433 INFO  [Log] **************************************************************************************** 
2018-03-27 16:19:58,433 INFO  [Log] $$$$$$$$$$$$$$$$$$$$$                 Error Messaging Contact Form Test Case       $$$$$$$$$$$$$$$$$$$$$$$$$ 
2018-03-27 16:19:58,433 INFO  [Log] **************************************************************************************** 
2018-03-27 16:19:58,433 INFO  [Log] **************************************************************************************** 
2018-03-27 16:53:31,761 INFO  [Log] **************************************************************************************** 
2018-03-27 16:53:31,762 INFO  [Log] **************************************************************************************** 
2018-03-27 16:53:31,762 INFO  [Log] $$$$$$$$$$$$$$$$$$$$$                 Error Messaging Contact Form Test Case       $$$$$$$$$$$$$$$$$$$$$$$$$ 
2018-03-27 16:53:31,763 INFO  [Log] **************************************************************************************** 
2018-03-27 16:53:31,763 INFO  [Log] **************************************************************************************** 
2018-03-27 16:53:50,408 INFO  [Log] **************************************************************************************** 
2018-03-27 16:53:50,408 INFO  [Log] **************************************************************************************** 
2018-03-27 16:53:50,408 INFO  [Log] $$$$$$$$$$$$$$$$$$$$$                 Error Messaging Contact Form Test Case       $$$$$$$$$$$$$$$$$$$$$$$$$ 
2018-03-27 16:53:50,408 INFO  [Log] **************************************************************************************** 
2018-03-27 16:53:50,408 INFO  [Log] **************************************************************************************** 
2018-03-27 16:57:37,686 INFO  [Log] **************************************************************************************** 
2018-03-27 16:57:37,686 INFO  [Log] **************************************************************************************** 
2018-03-27 16:57:37,686 INFO  [Log] $$$$$$$$$$$$$$$$$$$$$                 Error Messaging Contact Form Test Case       $$$$$$$$$$$$$$$$$$$$$$$$$ 
2018-03-27 16:57:37,686 INFO  [Log] **************************************************************************************** 
2018-03-27 16:57:37,687 INFO  [Log] **************************************************************************************** 
2018-03-27 16:59:18,047 INFO  [Log] **************************************************************************************** 
2018-03-27 16:59:18,047 INFO  [Log] **************************************************************************************** 
2018-03-27 16:59:18,047 INFO  [Log] $$$$$$$$$$$$$$$$$$$$$                 Error Messaging Contact Form Test Case       $$$$$$$$$$$$$$$$$$$$$$$$$ 
2018-03-27 16:59:18,047 INFO  [Log] **************************************************************************************** 
2018-03-27 16:59:18,047 INFO  [Log] **************************************************************************************** 
2018-03-27 17:00:00,915 INFO  [Log] **************************************************************************************** 
2018-03-27 17:00:00,915 INFO  [Log] **************************************************************************************** 
2018-03-27 17:00:00,916 INFO  [Log] $$$$$$$$$$$$$$$$$$$$$                 Error Messaging Contact Form Test Case       $$$$$$$$$$$$$$$$$$$$$$$$$ 
2018-03-27 17:00:00,916 INFO  [Log] **************************************************************************************** 
2018-03-27 17:00:00,916 INFO  [Log] **************************************************************************************** 
2018-03-28 09:50:25,232 INFO  [Log] **************************************************************************************** 
2018-03-28 09:50:25,233 INFO  [Log] **************************************************************************************** 
2018-03-28 09:50:25,233 INFO  [Log] $$$$$$$$$$$$$$$$$$$$$                 Error Messaging Contact Form Test Case       $$$$$$$$$$$$$$$$$$$$$$$$$ 
2018-03-28 09:50:25,233 INFO  [Log] **************************************************************************************** 
2018-03-28 09:50:25,233 INFO  [Log] **************************************************************************************** 
2018-03-28 10:17:17,072 INFO  [Log] **************************************************************************************** 
2018-03-28 10:17:17,073 INFO  [Log] **************************************************************************************** 
2018-03-28 10:17:17,073 INFO  [Log] $$$$$$$$$$$$$$$$$$$$$                 Error Messaging Contact Form Test Case       $$$$$$$$$$$$$$$$$$$$$$$$$ 
2018-03-28 10:17:17,073 INFO  [Log] **************************************************************************************** 
2018-03-28 10:17:17,073 INFO  [Log] **************************************************************************************** 
2018-03-28 10:19:56,132 INFO  [Log] **************************************************************************************** 
2018-03-28 10:19:56,133 INFO  [Log] **************************************************************************************** 
2018-03-28 10:19:56,133 INFO  [Log] $$$$$$$$$$$$$$$$$$$$$                 Error Messaging Contact Form Test Case       $$$$$$$$$$$$$$$$$$$$$$$$$ 
2018-03-28 10:19:56,133 INFO  [Log] **************************************************************************************** 
2018-03-28 10:19:56,133 INFO  [Log] **************************************************************************************** 
2018-03-28 10:20:07,133 INFO  [Log] Contact Us Has Been Added 
2018-03-28 10:20:07,461 INFO  [Log] XXXXXXXXXXXXXXXXXXXXXXX             -E---N---D-             XXXXXXXXXXXXXXXXXXXXXX 
2018-03-28 10:20:07,461 INFO  [Log] X 
2018-03-28 10:20:07,461 INFO  [Log] X 
2018-03-28 10:20:07,461 INFO  [Log] X 
2018-03-28 10:20:07,461 INFO  [Log] X 
2018-03-28 10:59:53,773 INFO  [Log] **************************************************************************************** 
2018-03-28 10:59:53,774 INFO  [Log] **************************************************************************************** 
2018-03-28 10:59:53,774 INFO  [Log] $$$$$$$$$$$$$$$$$$$$$                 Error Messaging Contact Form Test Case       $$$$$$$$$$$$$$$$$$$$$$$$$ 
2018-03-28 10:59:53,774 INFO  [Log] **************************************************************************************** 
2018-03-28 10:59:53,774 INFO  [Log] **************************************************************************************** 
2018-03-28 11:00:05,467 INFO  [Log] **************************************************************************************** 
2018-03-28 11:00:05,468 INFO  [Log] **************************************************************************************** 
2018-03-28 11:00:05,468 INFO  [Log] $$$$$$$$$$$$$$$$$$$$$                 Error Messaging Contact Form Test Case       $$$$$$$$$$$$$$$$$$$$$$$$$ 
2018-03-28 11:00:05,468 INFO  [Log] **************************************************************************************** 
2018-03-28 11:00:05,468 INFO  [Log] **************************************************************************************** 
2018-03-28 11:17:57,092 INFO  [Log] **************************************************************************************** 
2018-03-28 11:17:57,093 INFO  [Log] **************************************************************************************** 
2018-03-28 11:17:57,093 INFO  [Log] $$$$$$$$$$$$$$$$$$$$$                 Error Messaging Contact Form Test Case       $$$$$$$$$$$$$$$$$$$$$$$$$ 
2018-03-28 11:17:57,093 INFO  [Log] **************************************************************************************** 
2018-03-28 11:17:57,093 INFO  [Log] **************************************************************************************** 
2018-03-28 11:18:02,020 INFO  [Log] **************************************************************************************** 
2018-03-28 11:18:02,020 INFO  [Log] **************************************************************************************** 
2018-03-28 11:18:02,020 INFO  [Log] $$$$$$$$$$$$$$$$$$$$$                 Error Messaging Contact Form Test Case       $$$$$$$$$$$$$$$$$$$$$$$$$ 
2018-03-28 11:18:02,020 INFO  [Log] **************************************************************************************** 
2018-03-28 11:18:02,020 INFO  [Log] **************************************************************************************** 
2018-03-28 11:18:40,065 INFO  [Log] **************************************************************************************** 
2018-03-28 11:18:40,065 INFO  [Log] **************************************************************************************** 
2018-03-28 11:18:40,066 INFO  [Log] $$$$$$$$$$$$$$$$$$$$$                 Error Messaging Contact Form Test Case       $$$$$$$$$$$$$$$$$$$$$$$$$ 
2018-03-28 11:18:40,066 INFO  [Log] **************************************************************************************** 
2018-03-28 11:18:40,066 INFO  [Log] **************************************************************************************** 
2018-03-28 11:18:45,094 INFO  [Log] **************************************************************************************** 
2018-03-28 11:18:45,094 INFO  [Log] **************************************************************************************** 
2018-03-28 11:18:45,094 INFO  [Log] $$$$$$$$$$$$$$$$$$$$$                 Error Messaging Contact Form Test Case       $$$$$$$$$$$$$$$$$$$$$$$$$ 
2018-03-28 11:18:45,094 INFO  [Log] **************************************************************************************** 
2018-03-28 11:18:45,094 INFO  [Log] **************************************************************************************** 
2018-03-28 13:30:26,413 INFO  [Log] Contact Us Has Been Added 
2018-03-28 13:30:26,699 INFO  [Log] XXXXXXXXXXXXXXXXXXXXXXX             -E---N---D-             XXXXXXXXXXXXXXXXXXXXXX 
2018-03-28 13:30:26,699 INFO  [Log] X 
2018-03-28 13:30:26,699 INFO  [Log] X 
2018-03-28 13:30:26,699 INFO  [Log] X 
2018-03-28 13:30:26,699 INFO  [Log] X 
2018-03-28 13:35:34,854 INFO  [Log] Contact Us Has Been Added 
2018-03-28 13:35:35,241 INFO  [Log] XXXXXXXXXXXXXXXXXXXXXXX             -E---N---D-             XXXXXXXXXXXXXXXXXXXXXX 
2018-03-28 13:35:35,241 INFO  [Log] X 
2018-03-28 13:35:35,241 INFO  [Log] X 
2018-03-28 13:35:35,241 INFO  [Log] X 
2018-03-28 13:35:35,241 INFO  [Log] X 
2018-03-28 14:56:29,790 INFO  [Log] Contact Us Has Been Added 
2018-03-28 14:56:30,041 INFO  [Log] XXXXXXXXXXXXXXXXXXXXXXX             -E---N---D-             XXXXXXXXXXXXXXXXXXXXXX 
2018-03-28 14:56:30,041 INFO  [Log] X 
2018-03-28 14:56:30,041 INFO  [Log] X 
2018-03-28 14:56:30,041 INFO  [Log] X 
2018-03-28 14:56:30,041 INFO  [Log] X 
2018-03-28 15:00:01,627 INFO  [Log] Contact Us Has Been Added 
2018-03-28 15:00:01,879 INFO  [Log] XXXXXXXXXXXXXXXXXXXXXXX             -E---N---D-             XXXXXXXXXXXXXXXXXXXXXX 
2018-03-28 15:00:01,879 INFO  [Log] X 
2018-03-28 15:00:01,879 INFO  [Log] X 
2018-03-28 15:00:01,879 INFO  [Log] X 
2018-03-28 15:00:01,879 INFO  [Log] X 
2018-03-28 15:00:12,589 INFO  [Log] Contact Us Has Been Added 
2018-03-28 15:00:12,837 INFO  [Log] XXXXXXXXXXXXXXXXXXXXXXX             -E---N---D-             XXXXXXXXXXXXXXXXXXXXXX 
2018-03-28 15:00:12,837 INFO  [Log] X 
2018-03-28 15:00:12,837 INFO  [Log] X 
2018-03-28 15:00:12,837 INFO  [Log] X 
2018-03-28 15:00:12,837 INFO  [Log] X 
2018-03-28 15:06:42,496 INFO  [Log] Contact Us Has Been Added 
2018-03-28 15:06:42,740 INFO  [Log] XXXXXXXXXXXXXXXXXXXXXXX             -E---N---D-             XXXXXXXXXXXXXXXXXXXXXX 
2018-03-28 15:06:42,740 INFO  [Log] X 
2018-03-28 15:06:42,740 INFO  [Log] X 
2018-03-28 15:06:42,740 INFO  [Log] X 
2018-03-28 15:06:42,740 INFO  [Log] X 
2018-03-28 15:06:54,502 INFO  [Log] Contact Us Has Been Added 
2018-03-28 15:06:54,742 INFO  [Log] XXXXXXXXXXXXXXXXXXXXXXX             -E---N---D-             XXXXXXXXXXXXXXXXXXXXXX 
2018-03-28 15:06:54,742 INFO  [Log] X 
2018-03-28 15:06:54,742 INFO  [Log] X 
2018-03-28 15:06:54,742 INFO  [Log] X 
2018-03-28 15:06:54,742 INFO  [Log] X 
2018-03-28 16:23:07,411 INFO  [Log] Contact Us Has Been Added 
2018-03-28 16:23:07,652 INFO  [Log] XXXXXXXXXXXXXXXXXXXXXXX             -E---N---D-             XXXXXXXXXXXXXXXXXXXXXX 
2018-03-28 16:23:07,652 INFO  [Log] X 
2018-03-28 16:23:07,652 INFO  [Log] X 
2018-03-28 16:23:07,652 INFO  [Log] X 
2018-03-28 16:23:07,652 INFO  [Log] X 
2018-03-28 16:32:31,563 INFO  [Log] Contact Us Has Been Added 
2018-03-28 16:32:31,805 INFO  [Log] XXXXXXXXXXXXXXXXXXXXXXX             -E---N---D-             XXXXXXXXXXXXXXXXXXXXXX 
2018-03-28 16:32:31,805 INFO  [Log] X 
2018-03-28 16:32:31,805 INFO  [Log] X 
2018-03-28 16:32:31,805 INFO  [Log] X 
2018-03-28 16:32:31,805 INFO  [Log] X 
2018-03-28 16:32:42,336 INFO  [Log] Contact Us Has Been Added 
2018-03-28 16:32:42,580 INFO  [Log] XXXXXXXXXXXXXXXXXXXXXXX             -E---N---D-             XXXXXXXXXXXXXXXXXXXXXX 
2018-03-28 16:32:42,580 INFO  [Log] X 
2018-03-28 16:32:42,580 INFO  [Log] X 
2018-03-28 16:32:42,580 INFO  [Log] X 
2018-03-28 16:32:42,580 INFO  [Log] X 
2018-04-03 15:34:16,129 INFO  [Log] Contact Us Has Been Added 
2018-04-03 15:34:16,374 INFO  [Log] XXXXXXXXXXXXXXXXXXXXXXX             -E---N---D-             XXXXXXXXXXXXXXXXXXXXXX 
2018-04-03 15:34:16,374 INFO  [Log] X 
2018-04-03 15:34:16,374 INFO  [Log] X 
2018-04-03 15:34:16,374 INFO  [Log] X 
2018-04-03 15:34:16,374 INFO  [Log] X 
2018-04-03 15:36:41,379 INFO  [Log] Contact Us Has Been Added 
2018-04-03 15:36:41,627 INFO  [Log] XXXXXXXXXXXXXXXXXXXXXXX             -E---N---D-             XXXXXXXXXXXXXXXXXXXXXX 
2018-04-03 15:36:41,627 INFO  [Log] X 
2018-04-03 15:36:41,627 INFO  [Log] X 
2018-04-03 15:36:41,627 INFO  [Log] X 
2018-04-03 15:36:41,627 INFO  [Log] X 
2018-04-03 15:36:54,933 INFO  [Log] Contact Us Has Been Added 
2018-04-03 15:36:55,266 INFO  [Log] XXXXXXXXXXXXXXXXXXXXXXX             -E---N---D-             XXXXXXXXXXXXXXXXXXXXXX 
2018-04-03 15:36:55,266 INFO  [Log] X 
2018-04-03 15:36:55,266 INFO  [Log] X 
2018-04-03 15:36:55,266 INFO  [Log] X 
2018-04-03 15:36:55,266 INFO  [Log] X 
2018-04-05 14:33:18,044 INFO  [Log] Contact Us Has Been Added 
2018-04-05 14:39:21,458 INFO  [Log] Contact Us Has Been Added 
2018-04-05 14:50:39,233 INFO  [Log] Contact Us Has Been Added 
2018-04-05 14:53:15,479 INFO  [Log] Contact Us Has Been Added 
2018-04-05 14:53:23,902 INFO  [Log] Contact Us Has Been Added 
2018-04-05 14:55:32,811 INFO  [Log] Contact Us Has Been Added 
2018-04-05 14:55:40,227 INFO  [Log] Contact Us Has Been Added 
2018-04-05 15:19:04,826 INFO  [Log] Contact Us Has Been Added 
2018-04-05 15:19:58,304 INFO  [Log] Contact Us Has Been Added 
2018-04-05 15:20:10,299 INFO  [Log] Contact Us Has Been Added 
2018-04-05 15:20:58,129 INFO  [Log] Contact Us Has Been Added 
2018-04-05 15:21:08,275 INFO  [Log] Contact Us Has Been Added 
2018-04-05 15:22:10,060 INFO  [Log] Contact Us Has Been Added 
2018-04-05 15:22:19,838 INFO  [Log] Contact Us Has Been Added 
2018-04-05 15:23:58,911 INFO  [Log] Contact Us Has Been Added 
2018-04-05 15:24:18,705 INFO  [Log] Contact Us Has Been Added 
2018-04-06 13:53:46,045 INFO  [Log] Contact Us Has Been Added 
2018-04-06 13:54:27,124 INFO  [Log] Contact Us Has Been Added 
2018-04-06 13:54:51,502 INFO  [Log] Contact Us Has Been Added 
2018-04-06 14:17:10,292 INFO  [Log] Contact Us Has Been Added 
2018-04-06 14:19:42,682 INFO  [Log] Contact Us Has Been Added 
2018-04-06 14:20:28,497 INFO  [Log] Contact Us Has Been Added 
2018-04-06 14:20:46,540 INFO  [Log] Contact Us Has Been Added 
2018-04-06 14:24:50,731 INFO  [Log] Contact Us Has Been Added 
2018-04-06 14:25:09,261 INFO  [Log] Contact Us Has Been Added 
2018-04-06 14:26:16,859 INFO  [Log] Contact Us Has Been Added 
2018-04-06 14:26:38,155 INFO  [Log] Contact Us Has Been Added 
2018-04-06 14:30:28,539 INFO  [Log] Contact Us Has Been Added 
2018-04-06 14:31:01,322 INFO  [Log] Contact Us Has Been Added 
2018-04-06 15:06:44,288 INFO  [Log] Contact Us Has Been Added 
2018-04-06 15:07:27,914 INFO  [Log] Contact Us Has Been Added 
2018-04-06 15:07:47,674 INFO  [Log] Contact Us Has Been Added 
2018-04-06 15:10:40,498 INFO  [Log] Contact Us Has Been Added 
2018-04-06 15:10:51,406 INFO  [Log] Contact Us Has Been Added 
2018-04-06 15:11:58,040 INFO  [Log] Contact Us Has Been Added 
2018-04-06 15:12:10,390 INFO  [Log] Contact Us Has Been Added 
2018-04-06 15:46:52,263 INFO  [Log] Contact Us Has Been Added 
2018-04-06 15:47:01,457 INFO  [Log] Contact Us Has Been Added 
2018-04-06 16:00:59,472 INFO  [Log] Contact Us Has Been Added 
2018-04-06 16:01:11,593 INFO  [Log] Contact Us Has Been Added 
2018-04-06 16:21:52,780 INFO  [Log] Contact Us Has Been Added 
2018-04-06 16:22:02,891 INFO  [Log] Contact Us Has Been Added 
2018-04-06 16:22:16,528 INFO  [Log] Contact Us Has Been Added 
2018-04-06 16:24:22,390 INFO  [Log] Contact Us Has Been Added 
2018-04-06 16:24:31,332 INFO  [Log] Contact Us Has Been Added 
2018-04-06 16:24:40,847 INFO  [Log] Contact Us Has Been Added 
2018-04-06 16:28:46,718 INFO  [Log] Contact Us Has Been Added 
2018-04-06 16:28:54,813 INFO  [Log] Contact Us Has Been Added 
2018-04-06 16:29:14,854 INFO  [Log] Contact Us Has Been Added 
2018-04-06 16:33:22,834 INFO  [Log] Contact Us Has Been Added 
2018-04-06 16:33:34,389 INFO  [Log] Contact Us Has Been Added 
2018-04-06 16:34:03,702 INFO  [Log] Contact Us Has Been Added 
2018-04-06 16:37:38,234 INFO  [Log] Contact Us Has Been Added 
2018-04-06 16:37:48,680 INFO  [Log] Contact Us Has Been Added 
2018-04-06 16:38:09,070 INFO  [Log] Contact Us Has Been Added 
2018-04-06 16:40:28,391 INFO  [Log] Contact Us Has Been Added 
2018-04-06 16:41:13,154 INFO  [Log] Contact Us Has Been Added 
2018-04-06 16:45:20,663 INFO  [Log] Contact Us Has Been Added 
2018-04-06 16:52:15,129 INFO  [Log] Contact Us Has Been Added 
2018-04-06 16:52:25,314 INFO  [Log] Contact Us Has Been Added 
2018-04-06 16:53:14,536 INFO  [Log] Contact Us Has Been Added 
2018-04-06 16:55:50,973 INFO  [Log] Contact Us Has Been Added 
2018-04-06 16:56:09,679 INFO  [Log] Contact Us Has Been Added 
2018-04-06 16:57:08,327 INFO  [Log] Contact Us Has Been Added 
2018-04-09 10:22:40,191 INFO  [Log] Contact Us Has Been Added 
2018-04-09 10:23:31,568 INFO  [Log] Contact Us Has Been Added 
2018-04-09 10:58:10,776 INFO  [Log] Contact Us Has Been Added 
2018-04-09 10:59:00,583 INFO  [Log] Contact Us Has Been Added 
2018-04-09 11:05:03,690 INFO  [Log] Contact Us Has Been Added 
2018-04-09 11:05:26,849 INFO  [Log] Contact Us Has Been Added 
2018-04-09 11:06:17,596 INFO  [Log] Contact Us Has Been Added 
2018-04-09 11:38:04,038 INFO  [Log] Contact Us Has Been Added 
2018-04-09 11:38:38,089 INFO  [Log] Contact Us Has Been Added 
2018-04-09 16:36:53,721 INFO  [Log] Contact Us Has Been Added 
2018-04-09 16:37:11,087 INFO  [Log] Contact Us Has Been Added 
2018-04-09 16:37:47,552 INFO  [Log] Contact Us Has Been Added 
2018-04-09 16:40:15,297 INFO  [Log] Contact Us Has Been Added 
2018-04-09 16:40:31,614 INFO  [Log] Contact Us Has Been Added 
2018-04-09 16:41:08,016 INFO  [Log] Contact Us Has Been Added 
2018-04-11 14:41:27,902 INFO  [Log] Contact Us Has Been Added 
2018-04-11 14:41:50,505 INFO  [Log] Contact Us Has Been Added 
2018-04-11 14:42:06,728 INFO  [Log] Contact Us Has Been Added 
2018-04-11 14:42:43,184 INFO  [Log] Contact Us Has Been Added 
2018-04-11 14:48:33,488 INFO  [Log] Contact Us Has Been Added 
2018-04-11 14:48:49,664 INFO  [Log] Contact Us Has Been Added 
2018-04-11 14:49:25,795 INFO  [Log] Contact Us Has Been Added 
2018-04-11 14:56:28,096 INFO  [Log] Contact Us Has Been Added 
2018-04-11 14:56:44,795 INFO  [Log] Contact Us Has Been Added 
2018-04-11 14:57:21,306 INFO  [Log] Contact Us Has Been Added 
2018-04-11 15:11:27,095 INFO  [Log] Contact Us Has Been Added 
2018-04-11 15:17:37,790 INFO  [Log] Contact Us Has Been Added 
2018-04-11 15:17:51,498 INFO  [Log] Contact Us Has Been Added 
2018-04-11 15:18:25,200 INFO  [Log] Contact Us Has Been Added 
2018-04-11 15:22:41,692 INFO  [Log] Contact Us Has Been Added 
2018-04-11 15:24:10,819 INFO  [Log] Contact Us Has Been Added 
2018-04-11 15:24:28,185 INFO  [Log] Contact Us Has Been Added 
2018-04-11 15:25:15,469 INFO  [Log] Contact Us Has Been Added 
2018-04-11 16:37:07,055 INFO  [Log] Contact Us Has Been Added 
2018-04-11 16:41:01,659 INFO  [Log] Contact Us Has Been Added 
2018-04-11 16:42:20,082 INFO  [Log] Contact Us Has Been Added 
2018-04-11 22:20:00,569 INFO  [Log] Contact Us Has Been Added 
2018-04-11 22:20:32,500 INFO  [Log] Contact Us Has Been Added 
2018-04-11 22:23:01,877 INFO  [Log] Contact Us Has Been Added 
2018-04-11 22:34:14,903 INFO  [Log] Contact Us Has Been Added 
2018-04-12 09:31:52,987 INFO  [Log] Contact Us Has Been Added 
2018-04-12 13:12:33,226 INFO  [Log] Contact Us Has Been Added 
2018-04-12 13:16:07,190 INFO  [Log] Contact Us Has Been Added 
2018-04-12 13:16:32,584 INFO  [Log] Contact Us Has Been Added 
2018-04-12 13:18:54,027 INFO  [Log] Contact Us Has Been Added 
2018-04-12 13:23:18,074 INFO  [Log] Contact Us Has Been Added 
2018-04-12 13:24:12,242 INFO  [Log] Contact Us Has Been Added 
2018-04-12 14:19:22,472 INFO  [Log] Contact Us Has Been Added 
2018-04-12 14:25:42,105 INFO  [Log] Contact Us Has Been Added 
2018-04-12 14:29:09,241 INFO  [Log] Contact Us Has Been Added 
2018-04-12 14:29:26,575 INFO  [Log] Contact Us Has Been Added 
2018-04-12 14:30:03,924 INFO  [Log] Contact Us Has Been Added 
2018-04-12 14:34:25,091 INFO  [Log] Contact Us Has Been Added 
2018-04-20 11:20:04,296 INFO  [Log] Contact Us Has Been Added 
2018-04-20 11:20:10,606 INFO  [Log] Contact Us Has Been Added 
2018-04-20 11:45:37,442 INFO  [Log] Contact Us Has Been Added 
2018-04-20 11:46:05,360 INFO  [Log] Contact Us Has Been Added 
2018-04-20 11:46:33,692 INFO  [Log] Contact Us Has Been Added 
2018-04-20 11:55:45,277 INFO  [Log] Contact Us Has Been Added 
2018-04-20 11:56:15,530 INFO  [Log] Contact Us Has Been Added 
2018-04-20 11:56:52,231 INFO  [Log] Contact Us Has Been Added 
2018-04-20 12:08:16,760 INFO  [Log] Contact Us Has Been Added 
2018-04-20 12:08:46,342 INFO  [Log] Contact Us Has Been Added 
2018-04-20 12:09:23,298 INFO  [Log] Contact Us Has Been Added 
2018-04-20 12:12:08,591 INFO  [Log] Contact Us Has Been Added 
2018-04-20 12:12:54,347 INFO  [Log] Contact Us Has Been Added 
2018-04-20 12:13:31,295 INFO  [Log] Contact Us Has Been Added 
2018-04-20 12:15:11,462 INFO  [Log] Contact Us Has Been Added 
2018-04-20 12:15:41,302 INFO  [Log] Contact Us Has Been Added 
2018-04-20 12:16:18,308 INFO  [Log] Contact Us Has Been Added 
2018-04-20 12:50:46,151 INFO  [Log] Contact Us Has Been Added 
2018-04-20 12:51:15,905 INFO  [Log] Contact Us Has Been Added 
2018-04-20 12:51:53,255 INFO  [Log] Contact Us Has Been Added 
2018-04-20 12:53:47,772 INFO  [Log] Contact Us Has Been Added 
2018-04-20 12:54:20,210 INFO  [Log] Contact Us Has Been Added 
2018-04-20 13:00:42,399 INFO  [Log] Contact Us Has Been Added 
2018-04-20 13:21:06,450 INFO  [Log] Contact Us Has Been Added 
2018-04-20 14:42:19,671 INFO  [Log] Contact Us Has Been Added 
2018-04-20 14:42:35,260 INFO  [Log] Contact Us Has Been Added 
2018-04-20 14:43:05,169 INFO  [Log] Contact Us Has Been Added 
2018-04-24 07:17:23,748 INFO  [Log] Contact Us Has Been Added 
2018-04-24 07:17:39,114 INFO  [Log] Contact Us Has Been Added 
2018-04-24 07:41:16,651 INFO  [Log] Contact Us Has Been Added 
2018-04-24 07:41:32,222 INFO  [Log] Contact Us Has Been Added 
2018-04-24 07:42:01,915 INFO  [Log] Contact Us Has Been Added 
2018-04-24 07:42:50,583 INFO  [Log] Contact Us Has Been Added 
2018-04-24 14:27:26,752 INFO  [Log] Contact Us Has Been Added 
2018-04-24 14:28:17,133 INFO  [Log] Contact Us Has Been Added 
2018-04-24 14:32:14,460 INFO  [Log] Contact Us Has Been Added 
2018-04-24 14:32:47,178 INFO  [Log] Contact Us Has Been Added 
2018-04-24 14:33:34,268 INFO  [Log] Contact Us Has Been Added 
